[debug] [2018-05-23T14:35:33.644Z] ----------------------------------------------------------------------
[debug] [2018-05-23T14:35:33.646Z] Command:       /usr/local/bin/node /usr/local/bin/firebase serve
[debug] [2018-05-23T14:35:33.646Z] CLI Version:   3.18.5
[debug] [2018-05-23T14:35:33.646Z] Platform:      darwin
[debug] [2018-05-23T14:35:33.646Z] Node Version:  v8.11.1
[debug] [2018-05-23T14:35:33.647Z] Time:          Wed May 23 2018 22:35:33 GMT+0800 (CST)
[debug] [2018-05-23T14:35:33.647Z] ----------------------------------------------------------------------
[debug] 
[debug] [2018-05-23T14:35:33.658Z] > command requires scopes: ["email","openid","https://www.googleapis.com/auth/cloudplatformprojects.readonly","https://www.googleapis.com/auth/firebase","https://www.googleapis.com/auth/cloud-platform"]
[debug] [2018-05-23T14:35:33.658Z] > authorizing via signed-in user
[debug] [2018-05-23T14:35:33.660Z] > refreshing access token with scopes: ["email","https://www.googleapis.com/auth/cloud-platform","https://www.googleapis.com/auth/cloudplatformprojects.readonly","https://www.googleapis.com/auth/firebase","openid"]
[debug] [2018-05-23T14:35:33.660Z] >>> HTTP REQUEST POST https://www.googleapis.com/oauth2/v3/token  
 { refresh_token: '1/D5XgveExmax06FRnJqX9OXcEJImdmQBhm5AxWutrlJA',
  client_id: '563584335869-fgrhgmd47bqnekij5i8b5pr03ho849e6.apps.googleusercontent.com',
  client_secret: 'j9iVZfS8kkCEFUPaAeJV0sAi',
  grant_type: 'refresh_token',
  scope: 'email https://www.googleapis.com/auth/cloud-platform https://www.googleapis.com/auth/cloudplatformprojects.readonly https://www.googleapis.com/auth/firebase openid' } 
 Wed May 23 2018 22:35:33 GMT+0800 (CST)
[debug] [2018-05-23T14:35:33.786Z] <<< HTTP RESPONSE 200
[debug] [2018-05-23T14:35:33.804Z] >>> HTTP REQUEST GET https://admin.firebase.com/v1/projects/ns-shaft-9f487  
  
 Wed May 23 2018 22:35:33 GMT+0800 (CST)
[debug] [2018-05-23T14:35:34.609Z] <<< HTTP RESPONSE 200
[debug] [2018-05-23T14:35:34.610Z] >>> HTTP REQUEST GET https://admin.firebase.com/v1/database/ns-shaft-9f487/tokens  
  
 Wed May 23 2018 22:35:34 GMT+0800 (CST)
[debug] [2018-05-23T14:35:35.251Z] <<< HTTP RESPONSE 200
[debug] [2018-05-23T14:35:35.252Z] >>> HTTP REQUEST GET https://cloudresourcemanager.googleapis.com/v1/projects/ns-shaft-9f487  
  
 Wed May 23 2018 22:35:35 GMT+0800 (CST)
[debug] [2018-05-23T14:35:36.151Z] <<< HTTP RESPONSE 200
[info] 
[info] === Serving from '/Users/Tim/Desktop/temp/Assignment_02'...
[info] 
[debug] [2018-05-23T14:35:36.154Z] >>> HTTP REQUEST GET https://mobilesdk-pa.googleapis.com/v1/projects/352316399228/clients/_:getWebAppConfig  
  
 Wed May 23 2018 22:35:36 GMT+0800 (CST)
[debug] [2018-05-23T14:35:36.948Z] <<< HTTP RESPONSE 200
[info] i  hosting: Serving hosting files from: public
[info] ✔  hosting: Local server: http://localhost:5000

